# JRE version: OpenJDK Runtime Environment Zulu17.54+21-CA (17.0.13+11) (build 17.0.13+11-LTS)
# Java VM: OpenJDK 64-Bit Server VM Zulu17.54+21-CA (17.0.13+11-LTS, mixed mode, sharing, tiered, compressed oops, compressed class ptrs, g1 gc, windows-amd64)
GC Precious Log:
 CPUs: 16 total, 16 available
 Memory: 28565M
 Large Page Support: Disabled
 NUMA Support: Disabled
 Compressed Oops: Enabled (Zero based)
 Heap Region Size: 4M
 Heap Min Capacity: 8M
 Heap Initial Capacity: 448M
 Heap Max Capacity: 7144M
 Pre-touch: Disabled
 Parallel Workers: 13
 Concurrent Workers: 3
 Concurrent Refinement Workers: 13
 Periodic GC: Disabled
Heap:
 garbage-first heap   total 155648K, used 47911K [0x0000000641800000, 0x0000000800000000)
  region size 4096K, 1 young (4096K), 1 survivors (4096K)
 Metaspace       used 73171K, committed 73792K, reserved 1114112K
  class space    used 9746K, committed 10048K, reserved 1048576K
GC Heap History (20 events):
Event: 1.684 GC heap after
{Heap after GC invocations=8 (full 0):
 garbage-first heap   total 57344K, used 16645K [0x0000000641800000, 0x0000000800000000)
  region size 4096K, 1 young (4096K), 1 survivors (4096K)
 Metaspace       used 30285K, committed 30656K, reserved 1114112K
  class space    used 3720K, committed 3904K, reserved 1048576K
}
Event: 1.939 GC heap before
{Heap before GC invocations=8 (full 0):
 garbage-first heap   total 57344K, used 33029K [0x0000000641800000, 0x0000000800000000)
  region size 4096K, 5 young (20480K), 1 survivors (4096K)
 Metaspace       used 32213K, committed 32512K, reserved 1114112K
  class space    used 3997K, committed 4160K, reserved 1048576K
}
Event: 1.941 GC heap after
{Heap after GC invocations=9 (full 0):
 garbage-first heap   total 57344K, used 17810K [0x0000000641800000, 0x0000000800000000)
  region size 4096K, 1 young (4096K), 1 survivors (4096K)
 Metaspace       used 32213K, committed 32512K, reserved 1114112K
  class space    used 3997K, committed 4160K, reserved 1048576K
}
Event: 2.261 GC heap before
{Heap before GC invocations=9 (full 0):
 garbage-first heap   total 57344K, used 38290K [0x0000000641800000, 0x0000000800000000)
  region size 4096K, 6 young (24576K), 1 survivors (4096K)
 Metaspace       used 35645K, committed 36096K, reserved 1114112K
  class space    used 4489K, committed 4736K, reserved 1048576K
}
Event: 2.264 GC heap after
{Heap after GC invocations=10 (full 0):
 garbage-first heap   total 57344K, used 19345K [0x0000000641800000, 0x0000000800000000)
  region size 4096K, 1 young (4096K), 1 survivors (4096K)
 Metaspace       used 35645K, committed 36096K, reserved 1114112K
  class space    used 4489K, committed 4736K, reserved 1048576K
}
Event: 2.289 GC heap before
{Heap before GC invocations=10 (full 0):
 garbage-first heap   total 57344K, used 19345K [0x0000000641800000, 0x0000000800000000)
  region size 4096K, 2 young (8192K), 1 survivors (4096K)
 Metaspace       used 35780K, committed 36160K, reserved 1114112K
  class space    used 4518K, committed 4736K, reserved 1048576K
}
Event: 2.291 GC heap after
{Heap after GC invocations=11 (full 0):
 garbage-first heap   total 57344K, used 19497K [0x0000000641800000, 0x0000000800000000)
  region size 4096K, 1 young (4096K), 1 survivors (4096K)
 Metaspace       used 35780K, committed 36160K, reserved 1114112K
  class space    used 4518K, committed 4736K, reserved 1048576K
}
Event: 2.536 GC heap before
{Heap before GC invocations=12 (full 0):
 garbage-first heap   total 57344K, used 35881K [0x0000000641800000, 0x0000000800000000)
  region size 4096K, 5 young (20480K), 1 survivors (4096K)
 Metaspace       used 38337K, committed 38720K, reserved 1114112K
  class space    used 4787K, committed 4992K, reserved 1048576K
}
Event: 2.538 GC heap after
{Heap after GC invocations=13 (full 0):
 garbage-first heap   total 258048K, used 20502K [0x0000000641800000, 0x0000000800000000)
  region size 4096K, 1 young (4096K), 1 survivors (4096K)
 Metaspace       used 38337K, committed 38720K, reserved 1114112K
  class space    used 4787K, committed 4992K, reserved 1048576K
}
Event: 3.912 GC heap before
{Heap before GC invocations=13 (full 0):
 garbage-first heap   total 258048K, used 122902K [0x0000000641800000, 0x0000000800000000)
  region size 4096K, 27 young (110592K), 1 survivors (4096K)
 Metaspace       used 60112K, committed 60608K, reserved 1114112K
  class space    used 7916K, committed 8192K, reserved 1048576K
}
Event: 3.917 GC heap after
{Heap after GC invocations=14 (full 0):
 garbage-first heap   total 258048K, used 25395K [0x0000000641800000, 0x0000000800000000)
  region size 4096K, 2 young (8192K), 2 survivors (8192K)
 Metaspace       used 60112K, committed 60608K, reserved 1114112K
  class space    used 7916K, committed 8192K, reserved 1048576K
}
Event: 4.734 GC heap before
{Heap before GC invocations=15 (full 0):
 garbage-first heap   total 110592K, used 82739K [0x0000000641800000, 0x0000000800000000)
  region size 4096K, 16 young (65536K), 2 survivors (8192K)
 Metaspace       used 69411K, committed 69888K, reserved 1114112K
  class space    used 9293K, committed 9536K, reserved 1048576K
}
Event: 4.739 GC heap after
{Heap after GC invocations=16 (full 0):
 garbage-first heap   total 110592K, used 29354K [0x0000000641800000, 0x0000000800000000)
  region size 4096K, 2 young (8192K), 2 survivors (8192K)
 Metaspace       used 69411K, committed 69888K, reserved 1114112K
  class space    used 9293K, committed 9536K, reserved 1048576K
}
Event: 4.865 GC heap before
{Heap before GC invocations=16 (full 0):
 garbage-first heap   total 110592K, used 33450K [0x0000000641800000, 0x0000000800000000)
  region size 4096K, 3 young (12288K), 2 survivors (8192K)
 Metaspace       used 70095K, committed 70720K, reserved 1114112K
  class space    used 9368K, committed 9664K, reserved 1048576K
}
Event: 4.867 GC heap after
{Heap after GC invocations=17 (full 0):
 garbage-first heap   total 110592K, used 29789K [0x0000000641800000, 0x0000000800000000)
  region size 4096K, 1 young (4096K), 1 survivors (4096K)
 Metaspace       used 70095K, committed 70720K, reserved 1114112K
  class space    used 9368K, committed 9664K, reserved 1048576K
}
Event: 5.095 GC heap before
{Heap before GC invocations=17 (full 0):
 garbage-first heap   total 110592K, used 74845K [0x0000000641800000, 0x0000000800000000)
  region size 4096K, 13 young (53248K), 1 survivors (4096K)
 Metaspace       used 70735K, committed 71296K, reserved 1114112K
  class space    used 9427K, committed 9664K, reserved 1048576K
}
Event: 5.099 GC heap after
{Heap after GC invocations=18 (full 0):
 garbage-first heap   total 110592K, used 40569K [0x0000000641800000, 0x0000000800000000)
  region size 4096K, 2 young (8192K), 2 survivors (8192K)
 Metaspace       used 70735K, committed 71296K, reserved 1114112K
  class space    used 9427K, committed 9664K, reserved 1048576K
}
Event: 5.235 GC heap before
{Heap before GC invocations=18 (full 0):
 garbage-first heap   total 110592K, used 77433K [0x0000000641800000, 0x0000000800000000)
  region size 4096K, 12 young (49152K), 2 survivors (8192K)
 Metaspace       used 70989K, committed 71488K, reserved 1114112K
  class space    used 9441K, committed 9664K, reserved 1048576K
}
Event: 5.239 GC heap after
{Heap after GC invocations=19 (full 0):
 garbage-first heap   total 110592K, used 49933K [0x0000000641800000, 0x0000000800000000)
  region size 4096K, 2 young (8192K), 2 survivors (8192K)
 Metaspace       used 70989K, committed 71488K, reserved 1114112K
  class space    used 9441K, committed 9664K, reserved 1048576K
}
Event: 5.641 GC heap before
{Heap before GC invocations=19 (full 0):
 garbage-first heap   total 110592K, used 78605K [0x0000000641800000, 0x0000000800000000)
  region size 4096K, 9 young (36864K), 2 survivors (8192K)
 Metaspace       used 73171K, committed 73792K, reserved 1114112K
  class space    used 9746K, committed 10048K, reserved 1048576K
}

