# JRE version: OpenJDK Runtime Environment Zulu17.54+21-CA (17.0.13+11) (build 17.0.13+11-LTS)
# Java VM: OpenJDK 64-Bit Server VM Zulu17.54+21-CA (17.0.13+11-LTS, mixed mode, sharing, tiered, compressed oops, compressed class ptrs, g1 gc, windows-amd64)
GC Precious Log:
 CPUs: 16 total, 16 available
 Memory: 28565M
 Large Page Support: Disabled
 NUMA Support: Disabled
 Compressed Oops: Enabled (Zero based)
 Heap Region Size: 4M
 Heap Min Capacity: 8M
 Heap Initial Capacity: 448M
 Heap Max Capacity: 7144M
 Pre-touch: Disabled
 Parallel Workers: 13
 Concurrent Workers: 3
 Concurrent Refinement Workers: 13
 Periodic GC: Disabled
Heap:
 garbage-first heap   total 155648K, used 57250K [0x0000000641800000, 0x0000000800000000)
  region size 4096K, 1 young (4096K), 1 survivors (4096K)
 Metaspace       used 75355K, committed 75968K, reserved 1179648K
  class space    used 10024K, committed 10304K, reserved 1048576K
GC Heap History (20 events):
Event: 1.714 GC heap after
{Heap after GC invocations=7 (full 0):
 garbage-first heap   total 57344K, used 16931K [0x0000000641800000, 0x0000000800000000)
  region size 4096K, 1 young (4096K), 1 survivors (4096K)
 Metaspace       used 29894K, committed 30272K, reserved 1114112K
  class space    used 3657K, committed 3840K, reserved 1048576K
}
Event: 1.962 GC heap before
{Heap before GC invocations=7 (full 0):
 garbage-first heap   total 57344K, used 29219K [0x0000000641800000, 0x0000000800000000)
  region size 4096K, 5 young (20480K), 1 survivors (4096K)
 Metaspace       used 31785K, committed 32192K, reserved 1114112K
  class space    used 3932K, committed 4096K, reserved 1048576K
}
Event: 1.964 GC heap after
{Heap after GC invocations=8 (full 0):
 garbage-first heap   total 57344K, used 17767K [0x0000000641800000, 0x0000000800000000)
  region size 4096K, 1 young (4096K), 1 survivors (4096K)
 Metaspace       used 31785K, committed 32192K, reserved 1114112K
  class space    used 3932K, committed 4096K, reserved 1048576K
}
Event: 2.275 GC heap before
{Heap before GC invocations=8 (full 0):
 garbage-first heap   total 57344K, used 38247K [0x0000000641800000, 0x0000000800000000)
  region size 4096K, 6 young (24576K), 1 survivors (4096K)
 Metaspace       used 35231K, committed 35648K, reserved 1114112K
  class space    used 4397K, committed 4608K, reserved 1048576K
}
Event: 2.277 GC heap after
{Heap after GC invocations=9 (full 0):
 garbage-first heap   total 57344K, used 19094K [0x0000000641800000, 0x0000000800000000)
  region size 4096K, 1 young (4096K), 1 survivors (4096K)
 Metaspace       used 35231K, committed 35648K, reserved 1114112K
  class space    used 4397K, committed 4608K, reserved 1048576K
}
Event: 2.354 GC heap before
{Heap before GC invocations=9 (full 0):
 garbage-first heap   total 57344K, used 19094K [0x0000000641800000, 0x0000000800000000)
  region size 4096K, 2 young (8192K), 1 survivors (4096K)
 Metaspace       used 35717K, committed 36160K, reserved 1114112K
  class space    used 4509K, committed 4736K, reserved 1048576K
}
Event: 2.356 GC heap after
{Heap after GC invocations=10 (full 0):
 garbage-first heap   total 57344K, used 19663K [0x0000000641800000, 0x0000000800000000)
  region size 4096K, 1 young (4096K), 1 survivors (4096K)
 Metaspace       used 35717K, committed 36160K, reserved 1114112K
  class space    used 4509K, committed 4736K, reserved 1048576K
}
Event: 2.648 GC heap before
{Heap before GC invocations=11 (full 0):
 garbage-first heap   total 57344K, used 36047K [0x0000000641800000, 0x0000000800000000)
  region size 4096K, 5 young (20480K), 1 survivors (4096K)
 Metaspace       used 38305K, committed 38720K, reserved 1114112K
  class space    used 4779K, committed 4992K, reserved 1048576K
}
Event: 2.650 GC heap after
{Heap after GC invocations=12 (full 0):
 garbage-first heap   total 258048K, used 20977K [0x0000000641800000, 0x0000000800000000)
  region size 4096K, 1 young (4096K), 1 survivors (4096K)
 Metaspace       used 38305K, committed 38720K, reserved 1114112K
  class space    used 4779K, committed 4992K, reserved 1048576K
}
Event: 4.259 GC heap before
{Heap before GC invocations=12 (full 0):
 garbage-first heap   total 258048K, used 123377K [0x0000000641800000, 0x0000000800000000)
  region size 4096K, 27 young (110592K), 1 survivors (4096K)
 Metaspace       used 59968K, committed 60416K, reserved 1114112K
  class space    used 7879K, committed 8128K, reserved 1048576K
}
Event: 4.263 GC heap after
{Heap after GC invocations=13 (full 0):
 garbage-first heap   total 258048K, used 25938K [0x0000000641800000, 0x0000000800000000)
  region size 4096K, 2 young (8192K), 2 survivors (8192K)
 Metaspace       used 59968K, committed 60416K, reserved 1114112K
  class space    used 7879K, committed 8128K, reserved 1048576K
}
Event: 5.043 GC heap before
{Heap before GC invocations=14 (full 0):
 garbage-first heap   total 110592K, used 83282K [0x0000000641800000, 0x0000000800000000)
  region size 4096K, 16 young (65536K), 2 survivors (8192K)
 Metaspace       used 69315K, committed 69888K, reserved 1114112K
  class space    used 9277K, committed 9536K, reserved 1048576K
}
Event: 5.047 GC heap after
{Heap after GC invocations=15 (full 0):
 garbage-first heap   total 110592K, used 29465K [0x0000000641800000, 0x0000000800000000)
  region size 4096K, 1 young (4096K), 1 survivors (4096K)
 Metaspace       used 69315K, committed 69888K, reserved 1114112K
  class space    used 9277K, committed 9536K, reserved 1048576K
}
Event: 5.403 GC heap before
{Heap before GC invocations=15 (full 0):
 garbage-first heap   total 110592K, used 78617K [0x0000000641800000, 0x0000000800000000)
  region size 4096K, 14 young (57344K), 1 survivors (4096K)
 Metaspace       used 70705K, committed 71296K, reserved 1114112K
  class space    used 9415K, committed 9664K, reserved 1048576K
}
Event: 5.408 GC heap after
{Heap after GC invocations=16 (full 0):
 garbage-first heap   total 110592K, used 39789K [0x0000000641800000, 0x0000000800000000)
  region size 4096K, 2 young (8192K), 2 survivors (8192K)
 Metaspace       used 70705K, committed 71296K, reserved 1114112K
  class space    used 9415K, committed 9664K, reserved 1048576K
}
Event: 5.563 GC heap before
{Heap before GC invocations=16 (full 0):
 garbage-first heap   total 110592K, used 72557K [0x0000000641800000, 0x0000000800000000)
  region size 4096K, 11 young (45056K), 2 survivors (8192K)
 Metaspace       used 70987K, committed 71488K, reserved 1114112K
  class space    used 9437K, committed 9664K, reserved 1048576K
}
Event: 5.568 GC heap after
{Heap after GC invocations=17 (full 0):
 garbage-first heap   total 110592K, used 49660K [0x0000000641800000, 0x0000000800000000)
  region size 4096K, 2 young (8192K), 2 survivors (8192K)
 Metaspace       used 70987K, committed 71488K, reserved 1114112K
  class space    used 9437K, committed 9664K, reserved 1048576K
}
Event: 5.864 GC heap before
{Heap before GC invocations=17 (full 0):
 garbage-first heap   total 110592K, used 78332K [0x0000000641800000, 0x0000000800000000)
  region size 4096K, 9 young (36864K), 2 survivors (8192K)
 Metaspace       used 72439K, committed 73024K, reserved 1114112K
  class space    used 9645K, committed 9920K, reserved 1048576K
}
Event: 5.867 GC heap after
{Heap after GC invocations=18 (full 0):
 garbage-first heap   total 110592K, used 54874K [0x0000000641800000, 0x0000000800000000)
  region size 4096K, 2 young (8192K), 2 survivors (8192K)
 Metaspace       used 72439K, committed 73024K, reserved 1114112K
  class space    used 9645K, committed 9920K, reserved 1048576K
}
Event: 8.602 GC heap before
{Heap before GC invocations=18 (full 0):
 garbage-first heap   total 110592K, used 71258K [0x0000000641800000, 0x0000000800000000)
  region size 4096K, 7 young (28672K), 2 survivors (8192K)
 Metaspace       used 75355K, committed 75968K, reserved 1179648K
  class space    used 10024K, committed 10304K, reserved 1048576K
}

